<?xml version="1.0" encoding="UTF-8"?>
<!-- Generated by org.testng.reporters.JUnitXMLReporter -->
<testsuite ignored="0" hostname="LAPTOP-151VN14N" failures="0" tests="5" name="Default test" time="14.251" errors="0" timestamp="2025-05-02T17:13:19 IST">
  <testcase classname="excelSheet.Country_DropDown" name="testSelectCountry" time="0.264"/>
  <testcase classname="excelSheet.Country_DropDown" name="testSelectCountry" time="0.348"/>
  <testcase classname="excelSheet.Country_DropDown" name="testSelectCountry" time="0.243"/>
  <testcase classname="excelSheet.Country_DropDown" name="testSelectCountry" time="0.203"/>
  <testcase classname="excelSheet.Country_DropDown" name="testSelectCountry" time="0.2"/>
</testsuite> <!-- Default test -->
