<?xml version="1.0" encoding="UTF-8"?>
<!-- Generated by org.testng.reporters.JUnitXMLReporter -->
<testsuite ignored="0" hostname="LAPTOP-151VN14N" failures="0" tests="5" name="Default test" time="13.932" errors="0" timestamp="2025-05-07T13:41:37 IST">
  <testcase classname="basic_Programs.Countries_DropDown" name="testSelectCountry" time="0.349"/>
  <testcase classname="basic_Programs.Countries_DropDown" name="testSelectCountry" time="0.267"/>
  <testcase classname="basic_Programs.Countries_DropDown" name="testSelectCountry" time="0.388"/>
  <testcase classname="basic_Programs.Countries_DropDown" name="testSelectCountry" time="0.306"/>
  <testcase classname="basic_Programs.Countries_DropDown" name="testSelectCountry" time="0.275"/>
</testsuite> <!-- Default test -->
