<?xml version="1.0" encoding="UTF-8"?>
<testng-results ignored="0" total="5" passed="5" failed="0" skipped="0">
  <reporter-output>
  </reporter-output>
  <suite started-at="2025-05-02T17:13:04 IST" name="Default suite" finished-at="2025-05-02T17:13:19 IST" duration-ms="14251">
    <groups>
    </groups>
    <test started-at="2025-05-02T17:13:04 IST" name="Default test" finished-at="2025-05-02T17:13:19 IST" duration-ms="14251">
      <class name="excelSheet.Country_DropDown">
        <test-method is-config="true" signature="setup()[pri:0, instance:excelSheet.Country_DropDown@10d68fcd]" started-at="2025-05-02T17:13:05 IST" name="setup" finished-at="2025-05-02T17:13:17 IST" duration-ms="12138" status="PASS">
          <reporter-output>
          </reporter-output>
        </test-method> <!-- setup -->
        <test-method signature="testSelectCountry(java.lang.String)[pri:0, instance:excelSheet.Country_DropDown@10d68fcd]" started-at="2025-05-02T17:13:17 IST" name="testSelectCountry" data-provider="countryProvider" finished-at="2025-05-02T17:13:17 IST" duration-ms="264" status="PASS">
          <params>
            <param index="0">
              <value>
                <![CDATA[India]]>
              </value>
            </param>
          </params>
          <reporter-output>
          </reporter-output>
        </test-method> <!-- testSelectCountry -->
        <test-method signature="testSelectCountry(java.lang.String)[pri:0, instance:excelSheet.Country_DropDown@10d68fcd]" started-at="2025-05-02T17:13:17 IST" name="testSelectCountry" data-provider="countryProvider" finished-at="2025-05-02T17:13:17 IST" duration-ms="348" status="PASS">
          <params>
            <param index="0">
              <value>
                <![CDATA[Australia]]>
              </value>
            </param>
          </params>
          <reporter-output>
          </reporter-output>
        </test-method> <!-- testSelectCountry -->
        <test-method signature="testSelectCountry(java.lang.String)[pri:0, instance:excelSheet.Country_DropDown@10d68fcd]" started-at="2025-05-02T17:13:17 IST" name="testSelectCountry" data-provider="countryProvider" finished-at="2025-05-02T17:13:18 IST" duration-ms="243" status="PASS">
          <params>
            <param index="0">
              <value>
                <![CDATA[Brazil]]>
              </value>
            </param>
          </params>
          <reporter-output>
          </reporter-output>
        </test-method> <!-- testSelectCountry -->
        <test-method signature="testSelectCountry(java.lang.String)[pri:0, instance:excelSheet.Country_DropDown@10d68fcd]" started-at="2025-05-02T17:13:18 IST" name="testSelectCountry" data-provider="countryProvider" finished-at="2025-05-02T17:13:18 IST" duration-ms="203" status="PASS">
          <params>
            <param index="0">
              <value>
                <![CDATA[China]]>
              </value>
            </param>
          </params>
          <reporter-output>
          </reporter-output>
        </test-method> <!-- testSelectCountry -->
        <test-method signature="testSelectCountry(java.lang.String)[pri:0, instance:excelSheet.Country_DropDown@10d68fcd]" started-at="2025-05-02T17:13:18 IST" name="testSelectCountry" data-provider="countryProvider" finished-at="2025-05-02T17:13:18 IST" duration-ms="200" status="PASS">
          <params>
            <param index="0">
              <value>
                <![CDATA[Denmark]]>
              </value>
            </param>
          </params>
          <reporter-output>
          </reporter-output>
        </test-method> <!-- testSelectCountry -->
        <test-method is-config="true" signature="tearDown()[pri:0, instance:excelSheet.Country_DropDown@10d68fcd]" started-at="2025-05-02T17:13:18 IST" name="tearDown" finished-at="2025-05-02T17:13:19 IST" duration-ms="704" status="PASS">
          <reporter-output>
          </reporter-output>
        </test-method> <!-- tearDown -->
      </class> <!-- excelSheet.Country_DropDown -->
    </test> <!-- Default test -->
  </suite> <!-- Default suite -->
</testng-results>
