<?xml version="1.0" encoding="UTF-8"?>
<testng-results ignored="0" total="5" passed="5" failed="0" skipped="0">
  <reporter-output>
  </reporter-output>
  <suite started-at="2025-05-07T13:41:23 IST" name="Default suite" finished-at="2025-05-07T13:41:37 IST" duration-ms="13932">
    <groups>
    </groups>
    <test started-at="2025-05-07T13:41:23 IST" name="Default test" finished-at="2025-05-07T13:41:37 IST" duration-ms="13932">
      <class name="basic_Programs.Countries_DropDown">
        <test-method is-config="true" signature="setup()[pri:0, instance:basic_Programs.Countries_DropDown@762ef0ea]" started-at="2025-05-07T13:41:23 IST" name="setup" finished-at="2025-05-07T13:41:34 IST" duration-ms="11466" status="PASS">
          <reporter-output>
          </reporter-output>
        </test-method> <!-- setup -->
        <test-method signature="testSelectCountry(java.lang.String)[pri:0, instance:basic_Programs.Countries_DropDown@762ef0ea]" started-at="2025-05-07T13:41:34 IST" name="testSelectCountry" data-provider="countryProvider" finished-at="2025-05-07T13:41:35 IST" duration-ms="349" status="PASS">
          <params>
            <param index="0">
              <value>
                <![CDATA[India]]>
              </value>
            </param>
          </params>
          <reporter-output>
          </reporter-output>
        </test-method> <!-- testSelectCountry -->
        <test-method signature="testSelectCountry(java.lang.String)[pri:0, instance:basic_Programs.Countries_DropDown@762ef0ea]" started-at="2025-05-07T13:41:35 IST" name="testSelectCountry" data-provider="countryProvider" finished-at="2025-05-07T13:41:35 IST" duration-ms="267" status="PASS">
          <params>
            <param index="0">
              <value>
                <![CDATA[Australia]]>
              </value>
            </param>
          </params>
          <reporter-output>
          </reporter-output>
        </test-method> <!-- testSelectCountry -->
        <test-method signature="testSelectCountry(java.lang.String)[pri:0, instance:basic_Programs.Countries_DropDown@762ef0ea]" started-at="2025-05-07T13:41:35 IST" name="testSelectCountry" data-provider="countryProvider" finished-at="2025-05-07T13:41:35 IST" duration-ms="388" status="PASS">
          <params>
            <param index="0">
              <value>
                <![CDATA[Brazil]]>
              </value>
            </param>
          </params>
          <reporter-output>
          </reporter-output>
        </test-method> <!-- testSelectCountry -->
        <test-method signature="testSelectCountry(java.lang.String)[pri:0, instance:basic_Programs.Countries_DropDown@762ef0ea]" started-at="2025-05-07T13:41:35 IST" name="testSelectCountry" data-provider="countryProvider" finished-at="2025-05-07T13:41:36 IST" duration-ms="306" status="PASS">
          <params>
            <param index="0">
              <value>
                <![CDATA[China]]>
              </value>
            </param>
          </params>
          <reporter-output>
          </reporter-output>
        </test-method> <!-- testSelectCountry -->
        <test-method signature="testSelectCountry(java.lang.String)[pri:0, instance:basic_Programs.Countries_DropDown@762ef0ea]" started-at="2025-05-07T13:41:36 IST" name="testSelectCountry" data-provider="countryProvider" finished-at="2025-05-07T13:41:36 IST" duration-ms="275" status="PASS">
          <params>
            <param index="0">
              <value>
                <![CDATA[Denmark]]>
              </value>
            </param>
          </params>
          <reporter-output>
          </reporter-output>
        </test-method> <!-- testSelectCountry -->
        <test-method is-config="true" signature="tearDown()[pri:0, instance:basic_Programs.Countries_DropDown@762ef0ea]" started-at="2025-05-07T13:41:36 IST" name="tearDown" finished-at="2025-05-07T13:41:37 IST" duration-ms="728" status="PASS">
          <reporter-output>
          </reporter-output>
        </test-method> <!-- tearDown -->
      </class> <!-- basic_Programs.Countries_DropDown -->
    </test> <!-- Default test -->
  </suite> <!-- Default suite -->
</testng-results>
